#
# A fatal error has been detected by the Java Runtime Environment:
#
#  EXCEPTION_ACCESS_VIOLATION (0xc0000005) at pc=0x00007ffa232d679f, pid=13320, tid=11192
#
# JRE version: OpenJDK Runtime Environment (11.0.2+9) (build 11.0.2+9)
# Java VM: OpenJDK 64-Bit Server VM (11.0.2+9, mixed mode, tiered, compressed oops, g1 gc, windows-amd64)
# Problematic frame:
# C  0x00007ffa232d679f
#
# No core dump will be written. Minidumps are not enabled by default on client versions of Windows
#
# If you would like to submit a bug report, please visit:
#   http://bugreport.java.com/bugreport/crash.jsp
# The crash happened outside the Java Virtual Machine in native code.
# See problematic frame for where to report the bug.
#

---------------  S U M M A R Y ------------

Command Line: -Dsun.java2d.pmoffscreen=false -Dhttps.protocols=TLSv1,TLSv1.1,TLSv1.2 -Dsun.java2d.xrender=false -Dsun.java2d.d3d=false -Dsun.awt.nopixfmt=true -Dsun.java2d.dpiaware=true -Dsun.java2d.uiScale.enabled=false -Xverify:none -Dswing.aatext=true -XX:-UsePerfData -Djdk.map.althashing.threshold=512 -XX:StringTableSize=4072 --add-opens=java.base/java.nio=ALL-UNNAMED --add-opens=java.desktop/sun.swing=ALL-UNNAMED --add-opens=java.desktop/javax.swing=ALL-UNNAMED --add-opens=java.desktop/javax.swing.tree=ALL-UNNAMED --add-opens=java.desktop/javax.swing.plaf.basic=ALL-UNNAMED --add-opens=java.desktop/javax.swing.plaf.synth=ALL-UNNAMED --add-opens=java.desktop/com.sun.awt=ALL-UNNAMED -XX:NewSize=60m -XX:MaxNewSize=60m -Xms128m -Xmx3072m -Xss5m 

Host: Intel(R) Core(TM) i3-7020U CPU @ 2.30GHz, 4 cores, 19G,  Windows 10 , 64 bit Build 19041 (10.0.19041.5072)
Time: Fri Nov 22 11:10:08 2024 Central Europe Standard Time elapsed time: 418 seconds (0d 0h 6m 58s)

---------------  T H R E A D  ---------------

Current thread (0x00000228ee4d7000):  JavaThread "AWT-EventQueue-0" [_thread_in_native, id=11192, stack(0x0000008566500000,0x0000008566a00000)]

Stack: [0x0000008566500000,0x0000008566a00000],  sp=0x00000085669fa988,  free space=5098k
Native frames: (J=compiled Java code, j=interpreted, Vv=VM code, C=native code)
C  0x00007ffa232d679f

Java frames: (J=compiled Java code, j=interpreted, Vv=VM code)
J 19343  ui.views.waveform.waveformi.WVExecutive_getTooltipTextDelayed(J)Ljava/lang/String; (0 bytes) @ 0x0000022888bafa11 [0x0000022888baf9c0+0x0000000000000051]
j  ui.views.waveform.executive.a.klW()Ljava/lang/String;+4
j  ui.views.waveform.b.a.ca(Ljava/awt/event/MouseEvent;)V+85
J 18483 c1 ui.views.waveform.b.a.bZ(Ljava/awt/event/MouseEvent;)V (28 bytes) @ 0x0000022882c8bfa4 [0x0000022882c8bde0+0x00000000000001c4]
j  ui.views.waveform.b.a.mouseMoved(Ljava/awt/event/MouseEvent;)V+28
J 17693 c2 java.awt.AWTEventMulticaster.mouseMoved(Ljava/awt/event/MouseEvent;)V java.desktop@11.0.2 (27 bytes) @ 0x0000022888903c74 [0x0000022888903bc0+0x00000000000000b4]
J 17693 c2 java.awt.AWTEventMulticaster.mouseMoved(Ljava/awt/event/MouseEvent;)V java.desktop@11.0.2 (27 bytes) @ 0x0000022888903c34 [0x0000022888903bc0+0x0000000000000074]
J 19058 c2 javax.swing.JComponent.processMouseMotionEvent(Ljava/awt/event/MouseEvent;)V java.desktop@11.0.2 (46 bytes) @ 0x0000022888b3ce70 [0x0000022888b3cde0+0x0000000000000090]
J 18490 c1 ui.frmwork.b.j.processMouseMotionEvent(Ljava/awt/event/MouseEvent;)V (131 bytes) @ 0x0000022882c8e5cc [0x0000022882c8d900+0x0000000000000ccc]
J 13519 c2 java.awt.Container.processEvent(Ljava/awt/AWTEvent;)V java.desktop@11.0.2 (22 bytes) @ 0x0000022887d8c9d8 [0x0000022887d8c820+0x00000000000001b8]
J 17973 c2 java.awt.Component.dispatchEventImpl(Ljava/awt/AWTEvent;)V java.desktop@11.0.2 (777 bytes) @ 0x000002288899d8f8 [0x000002288899cde0+0x0000000000000b18]
J 19601 c2 java.awt.Container.dispatchEventImpl(Ljava/awt/AWTEvent;)V java.desktop@11.0.2 (129 bytes) @ 0x0000022888c03b7c [0x0000022888c03940+0x000000000000023c]
J 18478 c2 java.awt.LightweightDispatcher.retargetMouseEvent(Ljava/awt/Component;ILjava/awt/event/MouseEvent;)V java.desktop@11.0.2 (372 bytes) @ 0x0000022888a40cdc [0x0000022888a40740+0x000000000000059c]
J 18799 c2 java.awt.LightweightDispatcher.processMouseEvent(Ljava/awt/event/MouseEvent;)Z java.desktop@11.0.2 (265 bytes) @ 0x0000022888ad7400 [0x0000022888ad7040+0x00000000000003c0]
J 19601 c2 java.awt.Container.dispatchEventImpl(Ljava/awt/AWTEvent;)V java.desktop@11.0.2 (129 bytes) @ 0x0000022888c03e8c [0x0000022888c03940+0x000000000000054c]
J 18831 c2 java.awt.Window.dispatchEventImpl(Ljava/awt/AWTEvent;)V java.desktop@11.0.2 (23 bytes) @ 0x0000022888ae778c [0x0000022888ae7740+0x000000000000004c]
J 15105 c2 java.awt.EventQueue$4.run()Ljava/lang/Object; java.desktop@11.0.2 (5 bytes) @ 0x00000228886739b0 [0x0000022888673860+0x0000000000000150]
v  ~StubRoutines::call_stub
J 3739  java.security.AccessController.doPrivileged(Ljava/security/PrivilegedAction;Ljava/security/AccessControlContext;)Ljava/lang/Object; java.base@11.0.2 (0 bytes) @ 0x0000022887c96bb6 [0x0000022887c96b40+0x0000000000000076]
J 17692 c2 java.awt.EventQueue$5.run()Ljava/lang/Object; java.desktop@11.0.2 (5 bytes) @ 0x00000228889034f4 [0x0000022888903280+0x0000000000000274]
v  ~StubRoutines::call_stub
J 3739  java.security.AccessController.doPrivileged(Ljava/security/PrivilegedAction;Ljava/security/AccessControlContext;)Ljava/lang/Object; java.base@11.0.2 (0 bytes) @ 0x0000022887c96bb6 [0x0000022887c96b40+0x0000000000000076]
J 14735 c2 java.awt.EventQueue.dispatchEvent(Ljava/awt/AWTEvent;)V java.desktop@11.0.2 (80 bytes) @ 0x00000228885be468 [0x00000228885be0c0+0x00000000000003a8]
J 18539 c2 java.awt.EventDispatchThread.pumpOneEventForFilters(I)V java.desktop@11.0.2 (113 bytes) @ 0x0000022888a6c97c [0x0000022888a6bdc0+0x0000000000000bbc]
j  java.awt.EventDispatchThread.pumpEventsForFilter(ILjava/awt/Conditional;Ljava/awt/EventFilter;)V+35 java.desktop@11.0.2
j  java.awt.EventDispatchThread.pumpEventsForHierarchy(ILjava/awt/Conditional;Ljava/awt/Component;)V+11 java.desktop@11.0.2
j  java.awt.EventDispatchThread.pumpEvents(ILjava/awt/Conditional;)V+4 java.desktop@11.0.2
j  java.awt.EventDispatchThread.pumpEvents(Ljava/awt/Conditional;)V+3 java.desktop@11.0.2
j  java.awt.EventDispatchThread.run()V+9 java.desktop@11.0.2
v  ~StubRoutines::call_stub

siginfo: EXCEPTION_ACCESS_VIOLATION (0xc0000005), reading address 0x0000000000000010


Register to memory mapping:

RIP=0x00007ffa232d679f points into unknown readable memory: 83
RAX=0x0 is NULL
RBX=0x00000085669fada8 is pointing into the stack for thread: 0x00000228ee4d7000
RCX=0x000002289e041310 points into unknown readable memory: 00 00 00 00 00 00 00 00
RDX=0x0 is NULL
RSP=0x00000085669fa988 is pointing into the stack for thread: 0x00000228ee4d7000
RBP=0x000002289e041310 points into unknown readable memory: 00 00 00 00 00 00 00 00
RSI=0x00000228fc4f8870 points into unknown readable memory: 0a 13 01 00 00 00 00 00
RDI=0x00000085669fad90 is pointing into the stack for thread: 0x00000228ee4d7000
R8 =0x00000228cfae2e80 points into unknown readable memory: f0 0c ae cf 28 02 00 00
R9 =0x0000000000000001 is an unknown value
R10=0x0000000000008000 is an unknown value
R11=0x00000085669fa8a0 is pointing into the stack for thread: 0x00000228ee4d7000
R12=0x00000228fd744020 points into unknown readable memory: 00 9a 49 98 28 02 00 00
R13=0x00000085669fae30 is pointing into the stack for thread: 0x00000228ee4d7000
R14=0x0 is NULL
R15=0x00000085669faa28 is pointing into the stack for thread: 0x00000228ee4d7000


Registers:
RAX=0x0000000000000000, RBX=0x00000085669fada8, RCX=0x000002289e041310, RDX=0x0000000000000000
RSP=0x00000085669fa988, RBP=0x000002289e041310, RSI=0x00000228fc4f8870, RDI=0x00000085669fad90
R8 =0x00000228cfae2e80, R9 =0x0000000000000001, R10=0x0000000000008000, R11=0x00000085669fa8a0
R12=0x00000228fd744020, R13=0x00000085669fae30, R14=0x0000000000000000, R15=0x00000085669faa28
RIP=0x00007ffa232d679f, EFLAGS=0x0000000000010246

Top of Stack: (sp=0x00000085669fa988)
0x00000085669fa988:   00007ffa232b8ac1 00000085669fada8
0x00000085669fa998:   00000085669faa40 00000228fc4f8870
0x00000085669fa9a8:   00000085669fae70 00000000000080b1
0x00000085669fa9b8:   00000085669fae70 0000000000011308
0x00000085669fa9c8:   0000000000000001 000000000001130a
0x00000085669fa9d8:   00007ff9ce6e0b6a 00000085669faa40
0x00000085669fa9e8:   000002289e041310 000002289c9f4200
0x00000085669fa9f8:   0000000000000002 000000000001130e
0x00000085669faa08:   00007ff900000001 fffffffffffffffe
0x00000085669faa18:   0000000000011308 0000be3e00000008
0x00000085669faa28:   00000228fc4f8870 00000228fc4f8890
0x00000085669faa38:   00000228fc4f8890 00000228fd744010
0x00000085669faa48:   000002289c731210 00000085669fae70
0x00000085669faa58:   00000085669fae30 0000000000000020
0x00000085669faa68:   00007ff9ce6e0940 0000022800020000
0x00000085669faa78:   000000000000000e 0000000000000002 

Instructions: (pc=0x00007ffa232d679f)
0x00007ffa232d677f:   00 00 74 06 83 79 30 00 75 1e 48 8b 81 68 48 00
0x00007ffa232d678f:   00 48 39 81 60 48 00 00 0f 94 c0 c3 48 8b 41 60
0x00007ffa232d679f:   83 78 10 00 0f 94 c0 c3 32 c0 c3 b0 01 c3 cc cc
0x00007ffa232d67af:   cc 40 53 48 83 ec 20 48 8b d9 e8 42 fd ff ff 48 


Stack slot to memory mapping:
stack at sp + 0 slots: 0x00007ffa232b8ac1 points into unknown readable memory: 84 c0 74 74 48 8b 57
stack at sp + 1 slots: 0x00000085669fada8 is pointing into the stack for thread: 0x00000228ee4d7000
stack at sp + 2 slots: 0x00000085669faa40 is pointing into the stack for thread: 0x00000228ee4d7000
stack at sp + 3 slots: 0x00000228fc4f8870 points into unknown readable memory: 0a 13 01 00 00 00 00 00
stack at sp + 4 slots: 0x00000085669fae70 is pointing into the stack for thread: 0x00000228ee4d7000
stack at sp + 5 slots: 0x00000000000080b1 is an unknown value
stack at sp + 6 slots: 0x00000085669fae70 is pointing into the stack for thread: 0x00000228ee4d7000
stack at sp + 7 slots: 0x0000000000011308 is an unknown value


---------------  P R O C E S S  ---------------

Threads class SMR info:
_java_thread_list=0x00000228a08e0d10, length=33, elements={
0x00000228f6985800, 0x00000228d8611800, 0x00000228d890e000, 0x00000228d9ced800,
0x00000228d9cee000, 0x00000228d7e36800, 0x00000228d9104000, 0x00000228f98d8000,
0x00000228d91b5000, 0x00000228d9f41000, 0x00000228da8f1000, 0x00000228f5c1a000,
0x00000228daa34000, 0x00000228ee1f6000, 0x00000228ee4d7000, 0x00000228ee03f000,
0x00000228ee2fd800, 0x00000228d8c64000, 0x00000228ee560000, 0x00000228ee562800,
0x00000228ee563000, 0x00000228ee565000, 0x00000228ee564000, 0x00000228ee566800,
0x00000228f07ea000, 0x00000228f07e5000, 0x00000228f07e4000, 0x00000228f07ea800,
0x00000228f07e9000, 0x00000228f07eb800, 0x00000228f07e7800, 0x00000228f07e8000,
0x00000228f07e5800
}

Java Threads: ( => current thread )
  0x00000228f6985800 JavaThread "main" [_thread_blocked, id=9996, stack(0x0000008561e00000,0x0000008561f00000)]
  0x00000228d8611800 JavaThread "Reference Handler" daemon [_thread_blocked, id=4176, stack(0x0000008562500000,0x0000008562a00000)]
  0x00000228d890e000 JavaThread "Finalizer" daemon [_thread_blocked, id=9036, stack(0x0000008562a00000,0x0000008562f00000)]
  0x00000228d9ced800 JavaThread "Signal Dispatcher" daemon [_thread_blocked, id=7512, stack(0x0000008562f00000,0x0000008563400000)]
  0x00000228d9cee000 JavaThread "Attach Listener" daemon [_thread_blocked, id=10352, stack(0x0000008563400000,0x0000008563900000)]
  0x00000228d7e36800 JavaThread "C2 CompilerThread0" daemon [_thread_blocked, id=12072, stack(0x0000008563900000,0x0000008563a00000)]
  0x00000228d9104000 JavaThread "C1 CompilerThread0" daemon [_thread_blocked, id=8024, stack(0x0000008563a00000,0x0000008563b00000)]
  0x00000228f98d8000 JavaThread "Sweeper thread" daemon [_thread_blocked, id=5044, stack(0x0000008563b00000,0x0000008564000000)]
  0x00000228d91b5000 JavaThread "Common-Cleaner" daemon [_thread_blocked, id=3484, stack(0x0000008564000000,0x0000008564500000)]
  0x00000228d9f41000 JavaThread "Service Thread" daemon [_thread_blocked, id=11396, stack(0x0000008564500000,0x0000008564a00000)]
  0x00000228da8f1000 JavaThread "Java2D Disposer" daemon [_thread_blocked, id=13296, stack(0x0000008564b00000,0x0000008565000000)]
  0x00000228f5c1a000 JavaThread "AWT-Windows" daemon [_thread_in_vm, id=3488, stack(0x0000008565500000,0x0000008565a00000)]
  0x00000228daa34000 JavaThread "TimerQueue" daemon [_thread_blocked, id=7388, stack(0x0000008565000000,0x0000008565500000)]
  0x00000228ee1f6000 JavaThread "AWT-Shutdown" [_thread_blocked, id=3420, stack(0x0000008566000000,0x0000008566500000)]
=>0x00000228ee4d7000 JavaThread "AWT-EventQueue-0" [_thread_in_native, id=11192, stack(0x0000008566500000,0x0000008566a00000)]
  0x00000228ee03f000 JavaThread "Thread-1" [_thread_in_native, id=316, stack(0x0000008560800000,0x0000008561c00000)]
  0x00000228ee2fd800 JavaThread "Process Messages Thread" [_thread_blocked, id=5664, stack(0x0000008567300000,0x0000008567800000)]
  0x00000228d8c64000 JavaThread "Batik CleanerThread" daemon [_thread_blocked, id=10936, stack(0x0000008566a00000,0x0000008566f00000)]
  0x00000228ee560000 JavaThread "SyntheticaCleanerThread" daemon [_thread_blocked, id=14320, stack(0x0000008567e00000,0x0000008568300000)]
  0x00000228ee562800 JavaThread "Monitor HEventQueue Thread" [_thread_blocked, id=6320, stack(0x0000008567800000,0x0000008567d00000)]
  0x00000228ee563000 JavaThread "SyntheticaAnimation 50" daemon [_thread_blocked, id=7244, stack(0x0000008568300000,0x0000008568800000)]
  0x00000228ee565000 JavaThread "SyntheticaAnimation 25" daemon [_thread_blocked, id=7348, stack(0x0000008569200000,0x0000008569700000)]
  0x00000228ee564000 JavaThread "SyntheticaAnimation 50" daemon [_thread_blocked, id=11460, stack(0x0000008568800000,0x0000008568d00000)]
  0x00000228ee566800 JavaThread "SyntheticaAnimation 70" daemon [_thread_blocked, id=4880, stack(0x0000008568d00000,0x0000008569200000)]
  0x00000228f07ea000 JavaThread "Refresh Filesets Swing Worker Thread" [_thread_blocked, id=4248, stack(0x0000008569c00000,0x000000856a100000)]
  0x00000228f07e5000 JavaThread "hw_ila_monitor" [_thread_blocked, id=12236, stack(0x000000856a100000,0x000000856a600000)]
  0x00000228f07e4000 JavaThread "pool-1-thread-1" [_thread_blocked, id=12932, stack(0x000000856b000000,0x000000856b500000)]
  0x00000228f07ea800 JavaThread "pool-2-thread-1" [_thread_blocked, id=10956, stack(0x000000856b500000,0x000000856ba00000)]
  0x00000228f07e9000 JavaThread "pool-3-thread-1" [_thread_blocked, id=8188, stack(0x000000856ba00000,0x000000856bf00000)]
  0x00000228f07eb800 JavaThread "Update Runs Swing Worker Thread" [_thread_blocked, id=9716, stack(0x000000856bf00000,0x000000856c400000)]
  0x00000228f07e7800 JavaThread "Swing-Shell" daemon [_thread_blocked, id=11876, stack(0x000000856c400000,0x000000856c900000)]
  0x00000228f07e8000 JavaThread "Image Fetcher 0" daemon [_thread_blocked, id=13236, stack(0x000000856a600000,0x000000856ab00000)]
  0x00000228f07e5800 JavaThread "Run for Time: 100 ns Thread" [_thread_blocked, id=8584, stack(0x000000856ab00000,0x000000856b000000)]

Other Threads:
  0x00000228d726f800 VMThread "VM Thread" [stack: 0x0000008562400000,0x0000008562500000] [id=11016]
  0x00000228d9f48000 WatcherThread [stack: 0x0000008564a00000,0x0000008564b00000] [id=10844]
  0x00000228d7c3a800 GCTaskThread "GC Thread#0" [stack: 0x0000008561f00000,0x0000008562000000] [id=10820]
  0x00000228ee300000 GCTaskThread "GC Thread#1" [stack: 0x0000008566f00000,0x0000008567000000] [id=11256]
  0x00000228ee57d800 GCTaskThread "GC Thread#2" [stack: 0x0000008567000000,0x0000008567100000] [id=10000]
  0x00000228ee57e800 GCTaskThread "GC Thread#3" [stack: 0x0000008567100000,0x0000008567200000] [id=1460]
  0x00000228d9013000 ConcurrentGCThread "G1 Main Marker" [stack: 0x0000008562000000,0x0000008562100000] [id=8704]
  0x00000228d9013800 ConcurrentGCThread "G1 Conc#0" [stack: 0x0000008562100000,0x0000008562200000] [id=13556]
  0x00000228d8750800 ConcurrentGCThread "G1 Refine#0" [stack: 0x0000008562200000,0x0000008562300000] [id=12584]
  0x00000228eea64000 ConcurrentGCThread "G1 Refine#1" [stack: 0x0000008567200000,0x0000008567300000] [id=11280]
  0x00000228ee19b000 ConcurrentGCThread "G1 Refine#2" [stack: 0x0000008567d00000,0x0000008567e00000] [id=10168]
  0x00000228f8b8e800 ConcurrentGCThread "G1 Young RemSet Sampling" [stack: 0x0000008562300000,0x0000008562400000] [id=4036]

Threads with active compile tasks:

VM state:not at safepoint (normal execution)

VM Mutex/Monitor currently owned by a thread: None

Heap address: 0x0000000740000000, size: 3072 MB, Compressed Oops mode: Zero based, Oop shift amount: 3
Narrow klass base: 0x0000000800000000, Narrow klass shift: 0
Compressed class space size: 1073741824 Address: 0x0000000800000000

Heap:
 garbage-first heap   total 160768K, used 152470K [0x0000000740000000, 0x0000000800000000)
  region size 1024K, 60 young (61440K), 0 survivors (0K)
 Metaspace       used 92877K, capacity 95284K, committed 95516K, reserved 1130496K
  class space    used 12762K, capacity 13903K, committed 14028K, reserved 1048576K
Heap Regions: E=young(eden), S=young(survivor), O=old, HS=humongous(starts), HC=humongous(continues), CS=collection set, F=free, A=archive, TAMS=top-at-mark-start (previous, next)
|   0|0x0000000740000000, 0x0000000740100000, 0x0000000740100000|100%|HS|  |TAMS 0x0000000740000000, 0x0000000740000000| Untracked 
|   1|0x0000000740100000, 0x0000000740200000, 0x0000000740200000|100%|HC|  |TAMS 0x0000000740100000, 0x0000000740100000| Untracked 
|   2|0x0000000740200000, 0x0000000740300000, 0x0000000740300000|100%|HS|  |TAMS 0x0000000740200000, 0x0000000740200000| Untracked 
|   3|0x0000000740300000, 0x00000007403ffff0, 0x0000000740400000| 99%| O|  |TAMS 0x0000000740300000, 0x0000000740300000| Untracked 
|   4|0x0000000740400000, 0x00000007404f96e8, 0x0000000740500000| 97%| O|  |TAMS 0x0000000740400000, 0x0000000740400000| Untracked 
|   5|0x0000000740500000, 0x00000007405f4380, 0x0000000740600000| 95%| O|  |TAMS 0x0000000740500000, 0x0000000740500000| Untracked 
|   6|0x0000000740600000, 0x00000007406fffe0, 0x0000000740700000| 99%| O|  |TAMS 0x0000000740600000, 0x0000000740600000| Untracked 
|   7|0x0000000740700000, 0x00000007407ffff8, 0x0000000740800000| 99%| O|  |TAMS 0x0000000740700000, 0x0000000740700000| Untracked 
|   8|0x0000000740800000, 0x0000000740900000, 0x0000000740900000|100%| O|  |TAMS 0x0000000740800000, 0x0000000740800000| Untracked 
|   9|0x0000000740900000, 0x0000000740a00000, 0x0000000740a00000|100%| O|  |TAMS 0x0000000740900000, 0x0000000740900000| Untracked 
|  10|0x0000000740a00000, 0x0000000740b00000, 0x0000000740b00000|100%| O|  |TAMS 0x0000000740a00000, 0x0000000740a00000| Untracked 
|  11|0x0000000740b00000, 0x0000000740bf9ee0, 0x0000000740c00000| 97%| O|  |TAMS 0x0000000740b00000, 0x0000000740b00000| Untracked 
|  12|0x0000000740c00000, 0x0000000740ce9478, 0x0000000740d00000| 91%| O|  |TAMS 0x0000000740c00000, 0x0000000740c00000| Untracked 
|  13|0x0000000740d00000, 0x0000000740df8a28, 0x0000000740e00000| 97%| O|  |TAMS 0x0000000740d00000, 0x0000000740d00000| Untracked 
|  14|0x0000000740e00000, 0x0000000740effca0, 0x0000000740f00000| 99%| O|  |TAMS 0x0000000740e00000, 0x0000000740e00000| Untracked 
|  15|0x0000000740f00000, 0x0000000741000000, 0x0000000741000000|100%| O|  |TAMS 0x0000000740f00000, 0x0000000740f00000| Untracked 
|  16|0x0000000741000000, 0x00000007410fffe0, 0x0000000741100000| 99%| O|  |TAMS 0x0000000741000000, 0x0000000741000000| Untracked 
|  17|0x0000000741100000, 0x0000000741200000, 0x0000000741200000|100%| O|  |TAMS 0x0000000741100000, 0x0000000741100000| Untracked 
|  18|0x0000000741200000, 0x00000007412ffff0, 0x0000000741300000| 99%| O|  |TAMS 0x0000000741200000, 0x0000000741200000| Untracked 
|  19|0x0000000741300000, 0x00000007413ffff8, 0x0000000741400000| 99%| O|  |TAMS 0x0000000741300000, 0x0000000741300000| Untracked 
|  20|0x0000000741400000, 0x0000000741500000, 0x0000000741500000|100%|HS|  |TAMS 0x0000000741400000, 0x0000000741400000| Untracked 
|  21|0x0000000741500000, 0x0000000741600000, 0x0000000741600000|100%|HS|  |TAMS 0x0000000741500000, 0x0000000741500000| Untracked 
|  22|0x0000000741600000, 0x00000007416ffff8, 0x0000000741700000| 99%| O|  |TAMS 0x0000000741600000, 0x0000000741600000| Untracked 
|  23|0x0000000741700000, 0x00000007417ffff0, 0x0000000741800000| 99%| O|  |TAMS 0x0000000741700000, 0x0000000741700000| Untracked 
|  24|0x0000000741800000, 0x00000007418ffff0, 0x0000000741900000| 99%| O|  |TAMS 0x0000000741800000, 0x0000000741800000| Untracked 
|  25|0x0000000741900000, 0x00000007419fffc0, 0x0000000741a00000| 99%| O|  |TAMS 0x0000000741900000, 0x0000000741900000| Untracked 
|  26|0x0000000741a00000, 0x0000000741affff8, 0x0000000741b00000| 99%| O|  |TAMS 0x0000000741a00000, 0x0000000741a00000| Untracked 
|  27|0x0000000741b00000, 0x0000000741bffff8, 0x0000000741c00000| 99%| O|  |TAMS 0x0000000741b00000, 0x0000000741b00000| Untracked 
|  28|0x0000000741c00000, 0x0000000741cffff8, 0x0000000741d00000| 99%| O|  |TAMS 0x0000000741c00000, 0x0000000741c00000| Untracked 
|  29|0x0000000741d00000, 0x0000000741dfffe8, 0x0000000741e00000| 99%| O|  |TAMS 0x0000000741d00000, 0x0000000741d00000| Untracked 
|  30|0x0000000741e00000, 0x0000000741f00000, 0x0000000741f00000|100%| O|  |TAMS 0x0000000741e00000, 0x0000000741e00000| Untracked 
|  31|0x0000000741f00000, 0x0000000741ffffe0, 0x0000000742000000| 99%| O|  |TAMS 0x0000000741f00000, 0x0000000741f00000| Untracked 
|  32|0x0000000742000000, 0x00000007420ffff8, 0x0000000742100000| 99%| O|  |TAMS 0x0000000742000000, 0x0000000742000000| Untracked 
|  33|0x0000000742100000, 0x00000007421fffe8, 0x0000000742200000| 99%| O|  |TAMS 0x0000000742100000, 0x0000000742100000| Untracked 
|  34|0x0000000742200000, 0x00000007422fffe8, 0x0000000742300000| 99%| O|  |TAMS 0x0000000742200000, 0x0000000742200000| Untracked 
|  35|0x0000000742300000, 0x00000007423ffa88, 0x0000000742400000| 99%| O|  |TAMS 0x0000000742300000, 0x0000000742300000| Untracked 
|  36|0x0000000742400000, 0x00000007424fffb8, 0x0000000742500000| 99%| O|  |TAMS 0x0000000742400000, 0x0000000742400000| Untracked 
|  37|0x0000000742500000, 0x00000007425fffb8, 0x0000000742600000| 99%| O|  |TAMS 0x0000000742500000, 0x0000000742500000| Untracked 
|  38|0x0000000742600000, 0x0000000742700000, 0x0000000742700000|100%| O|  |TAMS 0x0000000742600000, 0x0000000742600000| Untracked 
|  39|0x0000000742700000, 0x0000000742800000, 0x0000000742800000|100%| O|  |TAMS 0x0000000742700000, 0x0000000742700000| Untracked 
|  40|0x0000000742800000, 0x0000000742900000, 0x0000000742900000|100%|HS|  |TAMS 0x0000000742800000, 0x0000000742800000| Untracked 
|  41|0x0000000742900000, 0x0000000742a00000, 0x0000000742a00000|100%|HC|  |TAMS 0x0000000742900000, 0x0000000742900000| Untracked 
|  42|0x0000000742a00000, 0x0000000742b00000, 0x0000000742b00000|100%|HC|  |TAMS 0x0000000742a00000, 0x0000000742a00000| Untracked 
|  43|0x0000000742b00000, 0x0000000742c00000, 0x0000000742c00000|100%|HC|  |TAMS 0x0000000742b00000, 0x0000000742b00000| Untracked 
|  44|0x0000000742c00000, 0x0000000742d00000, 0x0000000742d00000|100%|HC|  |TAMS 0x0000000742c00000, 0x0000000742c00000| Untracked 
|  45|0x0000000742d00000, 0x0000000742e00000, 0x0000000742e00000|100%|HC|  |TAMS 0x0000000742d00000, 0x0000000742d00000| Untracked 
|  46|0x0000000742e00000, 0x0000000742f00000, 0x0000000742f00000|100%|HC|  |TAMS 0x0000000742e00000, 0x0000000742e00000| Untracked 
|  47|0x0000000742f00000, 0x0000000743000000, 0x0000000743000000|100%|HC|  |TAMS 0x0000000742f00000, 0x0000000742f00000| Untracked 
|  48|0x0000000743000000, 0x0000000743100000, 0x0000000743100000|100%|HC|  |TAMS 0x0000000743000000, 0x0000000743000000| Untracked 
|  49|0x0000000743100000, 0x0000000743200000, 0x0000000743200000|100%|HC|  |TAMS 0x0000000743100000, 0x0000000743100000| Untracked 
|  50|0x0000000743200000, 0x0000000743300000, 0x0000000743300000|100%|HC|  |TAMS 0x0000000743200000, 0x0000000743200000| Untracked 
|  51|0x0000000743300000, 0x0000000743400000, 0x0000000743400000|100%|HC|  |TAMS 0x0000000743300000, 0x0000000743300000| Untracked 
|  52|0x0000000743400000, 0x00000007434fffe8, 0x0000000743500000| 99%| O|  |TAMS 0x0000000743400000, 0x0000000743400000| Untracked 
|  53|0x0000000743500000, 0x0000000743600000, 0x0000000743600000|100%| O|  |TAMS 0x0000000743500000, 0x0000000743500000| Untracked 
|  54|0x0000000743600000, 0x00000007436ffff0, 0x0000000743700000| 99%| O|  |TAMS 0x0000000743600000, 0x0000000743600000| Untracked 
|  55|0x0000000743700000, 0x00000007437ffff8, 0x0000000743800000| 99%| O|  |TAMS 0x0000000743700000, 0x0000000743700000| Untracked 
|  56|0x0000000743800000, 0x00000007438ffff8, 0x0000000743900000| 99%| O|  |TAMS 0x0000000743800000, 0x0000000743800000| Untracked 
|  57|0x0000000743900000, 0x00000007439ffff0, 0x0000000743a00000| 99%| O|  |TAMS 0x0000000743900000, 0x0000000743900000| Untracked 
|  58|0x0000000743a00000, 0x0000000743afffe8, 0x0000000743b00000| 99%| O|  |TAMS 0x0000000743a00000, 0x0000000743a00000| Untracked 
|  59|0x0000000743b00000, 0x0000000743bffff0, 0x0000000743c00000| 99%| O|  |TAMS 0x0000000743b00000, 0x0000000743b00000| Untracked 
|  60|0x0000000743c00000, 0x0000000743cfffa8, 0x0000000743d00000| 99%| O|  |TAMS 0x0000000743c00000, 0x0000000743c00000| Untracked 
|  61|0x0000000743d00000, 0x0000000743dfff20, 0x0000000743e00000| 99%| O|  |TAMS 0x0000000743d00000, 0x0000000743d00000| Untracked 
|  62|0x0000000743e00000, 0x0000000743effee8, 0x0000000743f00000| 99%| O|  |TAMS 0x0000000743e00000, 0x0000000743e00000| Untracked 
|  63|0x0000000743f00000, 0x0000000743ffffc8, 0x0000000744000000| 99%| O|  |TAMS 0x0000000743f00000, 0x0000000743f00000| Untracked 
|  64|0x0000000744000000, 0x0000000744100000, 0x0000000744100000|100%| O|  |TAMS 0x0000000744000000, 0x0000000744000000| Untracked 
|  65|0x0000000744100000, 0x00000007441ffed8, 0x0000000744200000| 99%| O|  |TAMS 0x0000000744100000, 0x0000000744100000| Untracked 
|  66|0x0000000744200000, 0x00000007442fffe8, 0x0000000744300000| 99%| O|  |TAMS 0x0000000744200000, 0x0000000744200000| Untracked 
|  67|0x0000000744300000, 0x00000007443fffe8, 0x0000000744400000| 99%| O|  |TAMS 0x0000000744300000, 0x0000000744300000| Untracked 
|  68|0x0000000744400000, 0x00000007444ffff8, 0x0000000744500000| 99%| O|  |TAMS 0x0000000744400000, 0x0000000744400000| Untracked 
|  69|0x0000000744500000, 0x00000007445fffd0, 0x0000000744600000| 99%| O|  |TAMS 0x0000000744500000, 0x0000000744500000| Untracked 
|  70|0x0000000744600000, 0x00000007446ffff0, 0x0000000744700000| 99%| O|  |TAMS 0x0000000744600000, 0x0000000744600000| Untracked 
|  71|0x0000000744700000, 0x00000007447fff08, 0x0000000744800000| 99%| O|  |TAMS 0x0000000744700000, 0x0000000744700000| Untracked 
|  72|0x0000000744800000, 0x0000000744900000, 0x0000000744900000|100%| O|  |TAMS 0x0000000744800000, 0x0000000744800000| Untracked 
|  73|0x0000000744900000, 0x00000007449fff98, 0x0000000744a00000| 99%| O|  |TAMS 0x0000000744900000, 0x0000000744900000| Untracked 
|  74|0x0000000744a00000, 0x0000000744b00000, 0x0000000744b00000|100%| O|  |TAMS 0x0000000744a00000, 0x0000000744a00000| Untracked 
|  75|0x0000000744b00000, 0x0000000744bfffd0, 0x0000000744c00000| 99%| O|  |TAMS 0x0000000744b00000, 0x0000000744b00000| Untracked 
|  76|0x0000000744c00000, 0x0000000744cfdc30, 0x0000000744d00000| 99%| O|  |TAMS 0x0000000744c00000, 0x0000000744c00000| Untracked 
|  77|0x0000000744d00000, 0x0000000744dffb10, 0x0000000744e00000| 99%| O|  |TAMS 0x0000000744d00000, 0x0000000744d00000| Untracked 
|  78|0x0000000744e00000, 0x0000000744effff8, 0x0000000744f00000| 99%| O|  |TAMS 0x0000000744e00000, 0x0000000744e00000| Untracked 
|  79|0x0000000744f00000, 0x0000000744ffffe0, 0x0000000745000000| 99%| O|  |TAMS 0x0000000744f00000, 0x0000000744f00000| Untracked 
|  80|0x0000000745000000, 0x00000007450fffe8, 0x0000000745100000| 99%| O|  |TAMS 0x0000000745000000, 0x0000000745000000| Untracked 
|  81|0x0000000745100000, 0x00000007451ffff8, 0x0000000745200000| 99%| O|  |TAMS 0x0000000745100000, 0x0000000745100000| Untracked 
|  82|0x0000000745200000, 0x00000007452fd458, 0x0000000745300000| 98%| O|  |TAMS 0x0000000745200000, 0x0000000745200000| Untracked 
|  83|0x0000000745300000, 0x00000007453ffa28, 0x0000000745400000| 99%| O|  |TAMS 0x0000000745300000, 0x0000000745300000| Untracked 
|  84|0x0000000745400000, 0x00000007454c79e0, 0x0000000745500000| 77%| O|  |TAMS 0x0000000745400000, 0x0000000745400000| Untracked 
|  85|0x0000000745500000, 0x00000007455acf88, 0x0000000745600000| 67%| O|  |TAMS 0x0000000745500000, 0x0000000745500000| Untracked 
|  86|0x0000000745600000, 0x00000007456ae2c0, 0x0000000745700000| 68%| O|  |TAMS 0x0000000745600000, 0x0000000745600000| Untracked 
|  87|0x0000000745700000, 0x0000000745700000, 0x0000000745800000|  0%| F|  |TAMS 0x0000000745700000, 0x0000000745700000| Untracked 
|  88|0x0000000745800000, 0x0000000745800000, 0x0000000745900000|  0%| F|  |TAMS 0x0000000745800000, 0x0000000745800000| Untracked 
|  89|0x0000000745900000, 0x0000000745900000, 0x0000000745a00000|  0%| F|  |TAMS 0x0000000745900000, 0x0000000745900000| Untracked 
|  90|0x0000000745a00000, 0x0000000745a00000, 0x0000000745b00000|  0%| F|  |TAMS 0x0000000745a00000, 0x0000000745a00000| Untracked 
|  91|0x0000000745b00000, 0x0000000745b00000, 0x0000000745c00000|  0%| F|  |TAMS 0x0000000745b00000, 0x0000000745b00000| Untracked 
|  92|0x0000000745c00000, 0x0000000745d00000, 0x0000000745d00000|100%|HS|  |TAMS 0x0000000745c00000, 0x0000000745c00000| Untracked 
|  93|0x0000000745d00000, 0x0000000745e00000, 0x0000000745e00000|100%|HC|  |TAMS 0x0000000745d00000, 0x0000000745d00000| Untracked 
|  94|0x0000000745e00000, 0x0000000745f00000, 0x0000000745f00000|100%|HC|  |TAMS 0x0000000745e00000, 0x0000000745e00000| Untracked 
|  95|0x0000000745f00000, 0x0000000746000000, 0x0000000746000000|100%|HC|  |TAMS 0x0000000745f00000, 0x0000000745f00000| Untracked 
|  96|0x0000000746000000, 0x0000000746000000, 0x0000000746100000|  0%| F|  |TAMS 0x0000000746000000, 0x0000000746000000| Untracked 
|  97|0x0000000746100000, 0x00000007461b6340, 0x0000000746200000| 71%| E|  |TAMS 0x0000000746100000, 0x0000000746100000| Complete 
|  98|0x0000000746200000, 0x0000000746300000, 0x0000000746300000|100%| E|CS|TAMS 0x0000000746200000, 0x0000000746200000| Complete 
|  99|0x0000000746300000, 0x0000000746400000, 0x0000000746400000|100%| E|CS|TAMS 0x0000000746300000, 0x0000000746300000| Complete 
| 100|0x0000000746400000, 0x0000000746500000, 0x0000000746500000|100%| E|CS|TAMS 0x0000000746400000, 0x0000000746400000| Complete 
| 101|0x0000000746500000, 0x0000000746600000, 0x0000000746600000|100%| E|CS|TAMS 0x0000000746500000, 0x0000000746500000| Complete 
| 102|0x0000000746600000, 0x0000000746700000, 0x0000000746700000|100%| E|CS|TAMS 0x0000000746600000, 0x0000000746600000| Complete 
| 103|0x0000000746700000, 0x0000000746800000, 0x0000000746800000|100%| E|CS|TAMS 0x0000000746700000, 0x0000000746700000| Complete 
| 104|0x0000000746800000, 0x0000000746900000, 0x0000000746900000|100%| E|CS|TAMS 0x0000000746800000, 0x0000000746800000| Complete 
| 105|0x0000000746900000, 0x0000000746a00000, 0x0000000746a00000|100%| E|CS|TAMS 0x0000000746900000, 0x0000000746900000| Complete 
| 106|0x0000000746a00000, 0x0000000746b00000, 0x0000000746b00000|100%| E|CS|TAMS 0x0000000746a00000, 0x0000000746a00000| Complete 
| 107|0x0000000746b00000, 0x0000000746c00000, 0x0000000746c00000|100%| E|CS|TAMS 0x0000000746b00000, 0x0000000746b00000| Complete 
| 108|0x0000000746c00000, 0x0000000746d00000, 0x0000000746d00000|100%| E|CS|TAMS 0x0000000746c00000, 0x0000000746c00000| Complete 
| 109|0x0000000746d00000, 0x0000000746e00000, 0x0000000746e00000|100%| E|CS|TAMS 0x0000000746d00000, 0x0000000746d00000| Complete 
| 110|0x0000000746e00000, 0x0000000746f00000, 0x0000000746f00000|100%| E|CS|TAMS 0x0000000746e00000, 0x0000000746e00000| Complete 
| 111|0x0000000746f00000, 0x0000000747000000, 0x0000000747000000|100%| E|CS|TAMS 0x0000000746f00000, 0x0000000746f00000| Complete 
| 112|0x0000000747000000, 0x0000000747100000, 0x0000000747100000|100%| E|CS|TAMS 0x0000000747000000, 0x0000000747000000| Complete 
| 113|0x0000000747100000, 0x0000000747200000, 0x0000000747200000|100%| E|CS|TAMS 0x0000000747100000, 0x0000000747100000| Complete 
| 114|0x0000000747200000, 0x0000000747300000, 0x0000000747300000|100%| E|CS|TAMS 0x0000000747200000, 0x0000000747200000| Complete 
| 115|0x0000000747300000, 0x0000000747400000, 0x0000000747400000|100%| E|CS|TAMS 0x0000000747300000, 0x0000000747300000| Complete 
| 116|0x0000000747400000, 0x0000000747500000, 0x0000000747500000|100%| E|CS|TAMS 0x0000000747400000, 0x0000000747400000| Complete 
| 117|0x0000000747500000, 0x0000000747600000, 0x0000000747600000|100%| E|CS|TAMS 0x0000000747500000, 0x0000000747500000| Complete 
| 118|0x0000000747600000, 0x0000000747700000, 0x0000000747700000|100%| E|CS|TAMS 0x0000000747600000, 0x0000000747600000| Complete 
| 119|0x0000000747700000, 0x0000000747800000, 0x0000000747800000|100%| E|CS|TAMS 0x0000000747700000, 0x0000000747700000| Complete 
| 120|0x0000000747800000, 0x0000000747900000, 0x0000000747900000|100%| E|CS|TAMS 0x0000000747800000, 0x0000000747800000| Complete 
| 121|0x0000000747900000, 0x0000000747a00000, 0x0000000747a00000|100%| E|CS|TAMS 0x0000000747900000, 0x0000000747900000| Complete 
| 122|0x0000000747a00000, 0x0000000747b00000, 0x0000000747b00000|100%| E|CS|TAMS 0x0000000747a00000, 0x0000000747a00000| Complete 
| 123|0x0000000747b00000, 0x0000000747c00000, 0x0000000747c00000|100%| E|CS|TAMS 0x0000000747b00000, 0x0000000747b00000| Complete 
| 124|0x0000000747c00000, 0x0000000747d00000, 0x0000000747d00000|100%| E|CS|TAMS 0x0000000747c00000, 0x0000000747c00000| Complete 
| 125|0x0000000747d00000, 0x0000000747e00000, 0x0000000747e00000|100%| E|CS|TAMS 0x0000000747d00000, 0x0000000747d00000| Complete 
| 126|0x0000000747e00000, 0x0000000747f00000, 0x0000000747f00000|100%| E|CS|TAMS 0x0000000747e00000, 0x0000000747e00000| Complete 
| 127|0x0000000747f00000, 0x0000000748000000, 0x0000000748000000|100%| E|CS|TAMS 0x0000000747f00000, 0x0000000747f00000| Complete 
| 128|0x0000000748000000, 0x0000000748100000, 0x0000000748100000|100%| E|CS|TAMS 0x0000000748000000, 0x0000000748000000| Complete 
| 129|0x0000000748100000, 0x0000000748200000, 0x0000000748200000|100%| E|CS|TAMS 0x0000000748100000, 0x0000000748100000| Complete 
| 130|0x0000000748200000, 0x0000000748300000, 0x0000000748300000|100%| E|CS|TAMS 0x0000000748200000, 0x0000000748200000| Complete 
| 131|0x0000000748300000, 0x0000000748400000, 0x0000000748400000|100%| E|CS|TAMS 0x0000000748300000, 0x0000000748300000| Complete 
| 132|0x0000000748400000, 0x0000000748500000, 0x0000000748500000|100%| E|CS|TAMS 0x0000000748400000, 0x0000000748400000| Complete 
| 133|0x0000000748500000, 0x0000000748600000, 0x0000000748600000|100%| E|CS|TAMS 0x0000000748500000, 0x0000000748500000| Complete 
| 134|0x0000000748600000, 0x0000000748700000, 0x0000000748700000|100%| E|CS|TAMS 0x0000000748600000, 0x0000000748600000| Complete 
| 135|0x0000000748700000, 0x0000000748800000, 0x0000000748800000|100%| E|CS|TAMS 0x0000000748700000, 0x0000000748700000| Complete 
| 136|0x0000000748800000, 0x0000000748900000, 0x0000000748900000|100%| E|CS|TAMS 0x0000000748800000, 0x0000000748800000| Complete 
| 137|0x0000000748900000, 0x0000000748a00000, 0x0000000748a00000|100%| E|CS|TAMS 0x0000000748900000, 0x0000000748900000| Complete 
| 138|0x0000000748a00000, 0x0000000748b00000, 0x0000000748b00000|100%| E|CS|TAMS 0x0000000748a00000, 0x0000000748a00000| Complete 
| 139|0x0000000748b00000, 0x0000000748c00000, 0x0000000748c00000|100%| E|CS|TAMS 0x0000000748b00000, 0x0000000748b00000| Complete 
| 140|0x0000000748c00000, 0x0000000748d00000, 0x0000000748d00000|100%| E|CS|TAMS 0x0000000748c00000, 0x0000000748c00000| Complete 
| 141|0x0000000748d00000, 0x0000000748e00000, 0x0000000748e00000|100%| E|CS|TAMS 0x0000000748d00000, 0x0000000748d00000| Complete 
| 142|0x0000000748e00000, 0x0000000748f00000, 0x0000000748f00000|100%| E|CS|TAMS 0x0000000748e00000, 0x0000000748e00000| Complete 
| 143|0x0000000748f00000, 0x0000000749000000, 0x0000000749000000|100%| E|CS|TAMS 0x0000000748f00000, 0x0000000748f00000| Complete 
| 144|0x0000000749000000, 0x0000000749100000, 0x0000000749100000|100%| E|CS|TAMS 0x0000000749000000, 0x0000000749000000| Complete 
| 145|0x0000000749100000, 0x0000000749200000, 0x0000000749200000|100%| E|CS|TAMS 0x0000000749100000, 0x0000000749100000| Complete 
| 146|0x0000000749200000, 0x0000000749300000, 0x0000000749300000|100%| E|CS|TAMS 0x0000000749200000, 0x0000000749200000| Complete 
| 147|0x0000000749300000, 0x0000000749400000, 0x0000000749400000|100%| E|CS|TAMS 0x0000000749300000, 0x0000000749300000| Complete 
| 148|0x0000000749400000, 0x0000000749500000, 0x0000000749500000|100%| E|CS|TAMS 0x0000000749400000, 0x0000000749400000| Complete 
| 149|0x0000000749500000, 0x0000000749600000, 0x0000000749600000|100%| E|CS|TAMS 0x0000000749500000, 0x0000000749500000| Complete 
| 150|0x0000000749600000, 0x0000000749700000, 0x0000000749700000|100%| E|CS|TAMS 0x0000000749600000, 0x0000000749600000| Complete 
| 151|0x0000000749700000, 0x0000000749800000, 0x0000000749800000|100%| E|CS|TAMS 0x0000000749700000, 0x0000000749700000| Complete 
| 152|0x0000000749800000, 0x0000000749900000, 0x0000000749900000|100%| E|CS|TAMS 0x0000000749800000, 0x0000000749800000| Complete 
| 153|0x0000000749900000, 0x0000000749a00000, 0x0000000749a00000|100%| E|CS|TAMS 0x0000000749900000, 0x0000000749900000| Complete 
| 154|0x0000000749a00000, 0x0000000749b00000, 0x0000000749b00000|100%| E|CS|TAMS 0x0000000749a00000, 0x0000000749a00000| Complete 
| 155|0x0000000749b00000, 0x0000000749c00000, 0x0000000749c00000|100%| E|CS|TAMS 0x0000000749b00000, 0x0000000749b00000| Complete 
| 156|0x0000000749c00000, 0x0000000749d00000, 0x0000000749d00000|100%| E|CS|TAMS 0x0000000749c00000, 0x0000000749c00000| Complete 

Card table byte_map: [0x00000228e3c10000,0x00000228e4210000] _byte_map_base: 0x00000228e0210000

Marking Bits (Prev, Next): (CMBitMap*) 0x00000228d79e5878, (CMBitMap*) 0x00000228d79e58b0
 Prev Bits: [0x00000228e4810000, 0x00000228e7810000)
 Next Bits: [0x00000228e7810000, 0x00000228ea810000)

Polling page: 0x00000228cfd90000

Metaspace:

Usage:
  Non-class:     79.47 MB capacity,    78.24 MB ( 98%) used,   935.10 KB (  1%) free+waste,   331.38 KB ( <1%) overhead. 
      Class:     13.58 MB capacity,    12.46 MB ( 92%) used,   978.17 KB (  7%) free+waste,   162.19 KB (  1%) overhead. 
       Both:     93.05 MB capacity,    90.70 MB ( 97%) used,     1.87 MB (  2%) free+waste,   493.56 KB ( <1%) overhead. 

Virtual space:
  Non-class space:       80.00 MB reserved,      79.58 MB (>99%) committed 
      Class space:        1.00 GB reserved,      13.70 MB (  1%) committed 
             Both:        1.08 GB reserved,      93.28 MB (  8%) committed 

Chunk freelists:
   Non-Class:  5.38 KB
       Class:  0 bytes
        Both:  5.38 KB

CodeHeap 'non-profiled nmethods': size=120064Kb used=18360Kb max_used=18360Kb free=101703Kb
 bounds [0x0000022887ac0000, 0x0000022888cb0000, 0x000002288f000000]
CodeHeap 'profiled nmethods': size=120000Kb used=44487Kb max_used=44487Kb free=75512Kb
 bounds [0x0000022880590000, 0x0000022883140000, 0x0000022887ac0000]
CodeHeap 'non-nmethods': size=5696Kb used=1656Kb max_used=1695Kb free=4039Kb
 bounds [0x0000022880000000, 0x0000022880270000, 0x0000022880590000]
 total_blobs=28391 nmethods=16800 adapters=1112
 compilation: enabled
              stopped_count=0, restarted_count=0
 full_count=0

Compilation events (10 events):
Event: 417.807 Thread 0x00000228d9104000 20082       3       ui.utils.swing.aa::r (87 bytes)
Event: 417.811 Thread 0x00000228d9104000 nmethod 20082 0x000002288312c690 code [0x000002288312c920, 0x000002288312dc40]
Event: 417.915 Thread 0x00000228d9104000 20083       3       java.awt.geom.AreaIterator::currentSegment (114 bytes)
Event: 417.916 Thread 0x00000228d9104000 nmethod 20083 0x000002288312e010 code [0x000002288312e260, 0x000002288312eaf0]
Event: 417.916 Thread 0x00000228d9104000 20084       3       java.awt.geom.AreaIterator::next (125 bytes)
Event: 417.917 Thread 0x00000228d9104000 nmethod 20084 0x000002288312ed90 code [0x000002288312f000, 0x00000228831300c0]
Event: 417.922 Thread 0x00000228d9104000 20085       3       de.javasoft.plaf.synthetica.styles.StyleWrapper::isOpaque (9 bytes)
Event: 417.923 Thread 0x00000228d9104000 nmethod 20085 0x0000022883130490 code [0x0000022883130660, 0x0000022883130890]
Event: 418.241 Thread 0x00000228d7e36800 20086       4       com.jidesoft.status.LabelStatusBarItem::getPreferredSize (59 bytes)
Event: 418.257 Thread 0x00000228d7e36800 nmethod 20086 0x0000022888cad010 code [0x0000022888cad260, 0x0000022888cadae8]

GC Heap History (10 events):
Event: 394.435 GC heap before
{Heap before GC invocations=114 (full 9):
 garbage-first heap   total 160768K, used 152827K [0x0000000740000000, 0x0000000800000000)
  region size 1024K, 60 young (61440K), 2 survivors (2048K)
 Metaspace       used 92785K, capacity 95220K, committed 95516K, reserved 1130496K
  class space    used 12762K, capacity 13903K, committed 14028K, reserved 1048576K
}
Event: 394.440 GC heap after
{Heap after GC invocations=115 (full 9):
 garbage-first heap   total 160768K, used 93296K [0x0000000740000000, 0x0000000800000000)
  region size 1024K, 1 young (1024K), 1 survivors (1024K)
 Metaspace       used 92785K, capacity 95220K, committed 95516K, reserved 1130496K
  class space    used 12762K, capacity 13903K, committed 14028K, reserved 1048576K
}
Event: 397.050 GC heap before
{Heap before GC invocations=116 (full 9):
 garbage-first heap   total 160768K, used 153712K [0x0000000740000000, 0x0000000800000000)
  region size 1024K, 60 young (61440K), 1 survivors (1024K)
 Metaspace       used 92785K, capacity 95220K, committed 95516K, reserved 1130496K
  class space    used 12762K, capacity 13903K, committed 14028K, reserved 1048576K
}
Event: 397.055 GC heap after
{Heap after GC invocations=117 (full 9):
 garbage-first heap   total 160768K, used 93080K [0x0000000740000000, 0x0000000800000000)
  region size 1024K, 1 young (1024K), 1 survivors (1024K)
 Metaspace       used 92785K, capacity 95220K, committed 95516K, reserved 1130496K
  class space    used 12762K, capacity 13903K, committed 14028K, reserved 1048576K
}
Event: 403.071 GC heap before
{Heap before GC invocations=117 (full 9):
 garbage-first heap   total 160768K, used 153496K [0x0000000740000000, 0x0000000800000000)
  region size 1024K, 60 young (61440K), 1 survivors (1024K)
 Metaspace       used 92823K, capacity 95284K, committed 95516K, reserved 1130496K
  class space    used 12762K, capacity 13903K, committed 14028K, reserved 1048576K
}
Event: 403.078 GC heap after
{Heap after GC invocations=118 (full 9):
 garbage-first heap   total 160768K, used 93509K [0x0000000740000000, 0x0000000800000000)
  region size 1024K, 2 young (2048K), 2 survivors (2048K)
 Metaspace       used 92823K, capacity 95284K, committed 95516K, reserved 1130496K
  class space    used 12762K, capacity 13903K, committed 14028K, reserved 1048576K
}
Event: 412.652 GC heap before
{Heap before GC invocations=119 (full 9):
 garbage-first heap   total 160768K, used 122181K [0x0000000740000000, 0x0000000800000000)
  region size 1024K, 31 young (31744K), 2 survivors (2048K)
 Metaspace       used 92841K, capacity 95284K, committed 95516K, reserved 1130496K
  class space    used 12762K, capacity 13903K, committed 14028K, reserved 1048576K
}
Event: 412.658 GC heap after
{Heap after GC invocations=120 (full 9):
 garbage-first heap   total 160768K, used 93321K [0x0000000740000000, 0x0000000800000000)
  region size 1024K, 1 young (1024K), 1 survivors (1024K)
 Metaspace       used 92841K, capacity 95284K, committed 95516K, reserved 1130496K
  class space    used 12762K, capacity 13903K, committed 14028K, reserved 1048576K
}
Event: 412.718 GC heap before
{Heap before GC invocations=120 (full 9):
 garbage-first heap   total 160768K, used 97417K [0x0000000740000000, 0x0000000800000000)
  region size 1024K, 2 young (2048K), 1 survivors (1024K)
 Metaspace       used 92841K, capacity 95284K, committed 95516K, reserved 1130496K
  class space    used 12762K, capacity 13903K, committed 14028K, reserved 1048576K
}
Event: 412.888 GC heap after
{Heap after GC invocations=121 (full 10):
 garbage-first heap   total 160768K, used 92054K [0x0000000740000000, 0x0000000800000000)
  region size 1024K, 0 young (0K), 0 survivors (0K)
 Metaspace       used 92841K, capacity 95284K, committed 95516K, reserved 1130496K
  class space    used 12762K, capacity 13903K, committed 14028K, reserved 1048576K
}

Deoptimization events (10 events):
Event: 353.022 Thread 0x00000228ee4d7000 Uncommon trap: reason=speculate_class_check action=maybe_recompile pc=0x0000022888b717e4 method=javax.swing.plaf.basic.BasicLabelUI.paint(Ljava/awt/Graphics;Ljavax/swing/JComponent;)V @ 168 c2
Event: 357.587 Thread 0x00000228ee4d7000 Uncommon trap: reason=unstable_if action=reinterpret pc=0x00000228881a7918 method=javax.swing.JComponent.getBounds(Ljava/awt/Rectangle;)Ljava/awt/Rectangle; @ 1 c2
Event: 358.947 Thread 0x00000228ee4d7000 Uncommon trap: reason=unstable_if action=reinterpret pc=0x00000228884dd0b0 method=sun.java2d.pipe.Region.getIntersectionXYXY(IIII)Lsun/java2d/pipe/Region; @ 23 c2
Event: 359.579 Thread 0x00000228ee4d7000 Uncommon trap: reason=speculate_class_check action=maybe_recompile pc=0x0000022888b717e4 method=javax.swing.plaf.basic.BasicLabelUI.paint(Ljava/awt/Graphics;Ljavax/swing/JComponent;)V @ 168 c2
Event: 359.585 Thread 0x00000228ee4d7000 Uncommon trap: reason=unstable_if action=reinterpret pc=0x00000228881cf164 method=sun.java2d.pipe.Region.getIntersectionXYXY(IIII)Lsun/java2d/pipe/Region; @ 23 c2
Event: 379.559 Thread 0x00000228ee4d7000 Uncommon trap: reason=speculate_class_check action=maybe_recompile pc=0x0000022888b717e4 method=javax.swing.plaf.basic.BasicLabelUI.paint(Ljava/awt/Graphics;Ljavax/swing/JComponent;)V @ 168 c2
Event: 386.655 Thread 0x00000228ee4d7000 Uncommon trap: reason=class_check action=maybe_recompile pc=0x00000228888bafd8 method=com.jidesoft.grid.TableModelWrapperUtils.getActualColumnAt(Ljavax/swing/table/TableModel;ILjavax/swing/table/TableModel;)I @ 55 c2
Event: 386.668 Thread 0x00000228ee4d7000 Uncommon trap: reason=class_check action=maybe_recompile pc=0x00000228888bafd8 method=com.jidesoft.grid.TableModelWrapperUtils.getActualColumnAt(Ljavax/swing/table/TableModel;ILjavax/swing/table/TableModel;)I @ 55 c2
Event: 387.020 Thread 0x00000228ee4d7000 Uncommon trap: reason=class_check action=maybe_recompile pc=0x00000228888bafd8 method=com.jidesoft.grid.TableModelWrapperUtils.getActualColumnAt(Ljavax/swing/table/TableModel;ILjavax/swing/table/TableModel;)I @ 55 c2
Event: 402.121 Thread 0x00000228ee4d7000 Uncommon trap: reason=speculate_class_check action=maybe_recompile pc=0x0000022888b717e4 method=javax.swing.plaf.basic.BasicLabelUI.paint(Ljava/awt/Graphics;Ljavax/swing/JComponent;)V @ 168 c2

Classes redefined (0 events):
No events

Internal exceptions (10 events):
Event: 395.104 Thread 0x00000228ee4d7000 Exception <a 'java/io/FileNotFoundException'{0x0000000749112d40}> (0x0000000749112d40) thrown at [t:/workspace/open/src/hotspot/share/prims/jni.cpp, line 615]
Event: 395.104 Thread 0x00000228ee4d7000 Exception <a 'java/io/FileNotFoundException'{0x00000007491134f0}> (0x00000007491134f0) thrown at [t:/workspace/open/src/hotspot/share/prims/jni.cpp, line 615]
Event: 400.093 Thread 0x00000228ee4d7000 Exception <a 'java/io/FileNotFoundException'{0x0000000748ad4bb8}> (0x0000000748ad4bb8) thrown at [t:/workspace/open/src/hotspot/share/prims/jni.cpp, line 615]
Event: 400.094 Thread 0x00000228ee4d7000 Exception <a 'java/io/FileNotFoundException'{0x0000000748ad5368}> (0x0000000748ad5368) thrown at [t:/workspace/open/src/hotspot/share/prims/jni.cpp, line 615]
Event: 405.096 Thread 0x00000228ee4d7000 Exception <a 'java/io/FileNotFoundException'{0x0000000748255170}> (0x0000000748255170) thrown at [t:/workspace/open/src/hotspot/share/prims/jni.cpp, line 615]
Event: 405.097 Thread 0x00000228ee4d7000 Exception <a 'java/io/FileNotFoundException'{0x0000000748255e70}> (0x0000000748255e70) thrown at [t:/workspace/open/src/hotspot/share/prims/jni.cpp, line 615]
Event: 412.685 Thread 0x00000228ee4d7000 Exception <a 'java/io/FileNotFoundException'{0x0000000749c25828}> (0x0000000749c25828) thrown at [t:/workspace/open/src/hotspot/share/prims/jni.cpp, line 615]
Event: 412.685 Thread 0x00000228ee4d7000 Exception <a 'java/io/FileNotFoundException'{0x0000000749c26528}> (0x0000000749c26528) thrown at [t:/workspace/open/src/hotspot/share/prims/jni.cpp, line 615]
Event: 415.533 Thread 0x00000228ee4d7000 Exception <a 'java/io/FileNotFoundException'{0x0000000749afac40}> (0x0000000749afac40) thrown at [t:/workspace/open/src/hotspot/share/prims/jni.cpp, line 615]
Event: 415.533 Thread 0x00000228ee4d7000 Exception <a 'java/io/FileNotFoundException'{0x0000000749afb940}> (0x0000000749afb940) thrown at [t:/workspace/open/src/hotspot/share/prims/jni.cpp, line 615]

Events (10 events):
Event: 416.495 Thread 0x00000228f07e5800 Thread exited: 0x00000228f07e5800
Event: 416.568 Thread 0x00000228f07e8000 Thread exited: 0x00000228f07e8000
Event: 416.576 Executing VM operation: RevokeBias
Event: 416.577 Executing VM operation: RevokeBias done
Event: 416.792 Thread 0x00000228f07e8000 Thread added: 0x00000228f07e8000
Event: 417.376 Thread 0x00000228f07e5800 Thread added: 0x00000228f07e5800
Event: 417.384 Thread 0x00000228f07e5800 Thread exited: 0x00000228f07e5800
Event: 417.809 Thread 0x00000228f07e5800 Thread added: 0x00000228f07e5800
Event: 418.219 Thread 0x00000228f07f0800 Thread added: 0x00000228f07f0800
Event: 418.229 Thread 0x00000228f07f0800 Thread exited: 0x00000228f07f0800


Dynamic libraries:
0x00007ff614560000 - 0x00007ff61458f000 	D:\Vivado\2020.2\bin\unwrapped\win64.o\vivado.exe
0x00007ffa784f0000 - 0x00007ffa786e8000 	C:\WINDOWS\SYSTEM32\ntdll.dll
0x00007ffa76a80000 - 0x00007ffa76b42000 	C:\WINDOWS\System32\KERNEL32.DLL
0x00007ffa75c30000 - 0x00007ffa75f2e000 	C:\WINDOWS\System32\KERNELBASE.dll
0x00007ffa76410000 - 0x00007ffa76510000 	C:\WINDOWS\System32\ucrtbase.dll
0x00007ffa63310000 - 0x00007ffa6339d000 	C:\WINDOWS\SYSTEM32\MSVCP140.dll
0x00007ffa52bd0000 - 0x00007ffa52bed000 	C:\WINDOWS\SYSTEM32\VCRUNTIME140.dll
0x00007ffa72e90000 - 0x00007ffa72e9c000 	C:\WINDOWS\SYSTEM32\VCRUNTIME140_1.dll
0x00007ffa5fd40000 - 0x00007ffa5fd58000 	D:\Vivado\2020.2\lib\win64.o\librdi_commonmain.dll
0x00007ffa5f660000 - 0x00007ffa5f673000 	D:\Vivado\2020.2\lib\win64.o\libboost_signals.dll
0x00007ffa5da20000 - 0x00007ffa5da42000 	D:\Vivado\2020.2\lib\win64.o\libboost_filesystem.dll
0x00007ffa1f510000 - 0x00007ffa20687000 	D:\Vivado\2020.2\lib\win64.o\librdi_common.dll
0x00007ffa77af0000 - 0x00007ffa77ba1000 	C:\WINDOWS\System32\ADVAPI32.dll
0x00007ffa77230000 - 0x00007ffa773cd000 	C:\WINDOWS\System32\USER32.dll
0x00007ffa763e0000 - 0x00007ffa76402000 	C:\WINDOWS\System32\win32u.dll
0x00007ffa76f60000 - 0x00007ffa76ffe000 	C:\WINDOWS\System32\msvcrt.dll
0x00007ffa77200000 - 0x00007ffa7722b000 	C:\WINDOWS\System32\GDI32.dll
0x00007ffa775e0000 - 0x00007ffa7767f000 	C:\WINDOWS\System32\sechost.dll
0x00007ffa76250000 - 0x00007ffa76367000 	C:\WINDOWS\System32\gdi32full.dll
0x00007ffa77c10000 - 0x00007ffa77d33000 	C:\WINDOWS\System32\RPCRT4.dll
0x00007ffa75b90000 - 0x00007ffa75c2d000 	C:\WINDOWS\System32\msvcp_win.dll
0x00007ffa77d40000 - 0x00007ffa784ad000 	C:\WINDOWS\System32\SHELL32.dll
0x00007ffa760c0000 - 0x00007ffa760e7000 	C:\WINDOWS\System32\bcrypt.dll
0x00007ffa77570000 - 0x00007ffa775db000 	C:\WINDOWS\System32\WS2_32.dll
0x00007ffa70410000 - 0x00007ffa70419000 	D:\Vivado\2020.2\lib\win64.o\librdi_commonversion.dll
0x00007ffa305f0000 - 0x00007ffa30789000 	D:\Vivado\2020.2\lib\win64.o\librdi_commonxillic.dll
0x0000000061d70000 - 0x0000000061e9b000 	D:\Vivado\2020.2\lib\win64.o\tcl85t.dll
0x00007ffa6b610000 - 0x00007ffa6b619000 	D:\Vivado\2020.2\lib\win64.o\libboost_system.dll
0x00007ffa5d190000 - 0x00007ffa5d203000 	D:\Vivado\2020.2\lib\win64.o\libboost_program_options.dll
0x00007ffa3a6f0000 - 0x00007ffa3a801000 	D:\Vivado\2020.2\lib\win64.o\libboost_regex.dll
0x00007ffa5eca0000 - 0x00007ffa5ecbe000 	D:\Vivado\2020.2\lib\win64.o\libboost_thread.dll
0x00007ffa6b550000 - 0x00007ffa6b560000 	D:\Vivado\2020.2\lib\win64.o\libboost_date_time.dll
0x00007ffa67ad0000 - 0x00007ffa67adc000 	D:\Vivado\2020.2\lib\win64.o\libboost_xilinx.dll
0x00007ffa35e60000 - 0x00007ffa35ee2000 	D:\Vivado\2020.2\lib\win64.o\libhdlpsolve.dll
0x00007ffa26960000 - 0x00007ffa26cce000 	D:\Vivado\2020.2\lib\win64.o\libCOIN-all.dll
0x00007ffa5d530000 - 0x00007ffa5d558000 	D:\Vivado\2020.2\lib\win64.o\libisl_sysinfo.dll
0x00007ffa5d3b0000 - 0x00007ffa5d3ca000 	D:\Vivado\2020.2\lib\win64.o\pthreadVC2.dll
0x00007ffa513b0000 - 0x00007ffa51415000 	D:\Vivado\2020.2\lib\win64.o\liblmx6.0.dll
0x00007ffa5d090000 - 0x00007ffa5d0ac000 	D:\Vivado\2020.2\lib\win64.o\librdiconfig.dll
0x00007ffa77a90000 - 0x00007ffa77ae5000 	C:\WINDOWS\System32\SHLWAPI.dll
0x00007ffa55d40000 - 0x00007ffa55d61000 	D:\Vivado\2020.2\lib\win64.o\librdizlib.dll
0x00007ffa5af20000 - 0x00007ffa5af39000 	C:\WINDOWS\SYSTEM32\NETAPI32.dll
0x00007ffa5e2d0000 - 0x00007ffa5e7a8000 	C:\WINDOWS\SYSTEM32\WININET.dll
0x00007ffa6f160000 - 0x00007ffa6f26d000 	C:\WINDOWS\SYSTEM32\WINHTTP.dll
0x00007ffa65470000 - 0x00007ffa6565c000 	C:\WINDOWS\SYSTEM32\urlmon.dll
0x00007ffa1d5f0000 - 0x00007ffa1f507000 	D:\Vivado\2020.2\lib\win64.o\gurobi90.dll
0x00007ffa760f0000 - 0x00007ffa7624c000 	C:\WINDOWS\System32\CRYPT32.dll
0x00007ffa77bb0000 - 0x00007ffa77c0d000 	C:\WINDOWS\System32\WLDAP32.dll
0x00007ffa77860000 - 0x00007ffa77868000 	C:\WINDOWS\System32\Normaliz.dll
0x00007ffa5ec80000 - 0x00007ffa5ec89000 	C:\WINDOWS\SYSTEM32\WSOCK32.dll
0x00007ffa531c0000 - 0x00007ffa531f2000 	C:\WINDOWS\SYSTEM32\VCOMP140.DLL
0x00007ffa35db0000 - 0x00007ffa35e55000 	D:\Vivado\2020.2\lib\win64.o\libhdxml.dll
0x0000000012000000 - 0x0000000012270000 	D:\Vivado\2020.2\lib\win64.o\xerces-c_3_1.dll
0x00007ffa67a10000 - 0x00007ffa67a1c000 	D:\Vivado\2020.2\lib\win64.o\libboost_chrono.dll
0x00007ffa657d0000 - 0x00007ffa65a8e000 	C:\WINDOWS\SYSTEM32\iertutil.dll
0x00007ffa76b50000 - 0x00007ffa76ea3000 	C:\WINDOWS\System32\combase.dll
0x00007ffa774c0000 - 0x00007ffa7756d000 	C:\WINDOWS\System32\shcore.dll
0x00007ffa657a0000 - 0x00007ffa657c8000 	C:\WINDOWS\SYSTEM32\srvcli.dll
0x00007ffa75040000 - 0x00007ffa7504c000 	C:\WINDOWS\SYSTEM32\netutils.dll
0x00007ffa25ac0000 - 0x00007ffa25d9b000 	D:\Vivado\2020.2\lib\win64.o\libXil_lmgr11.dll
0x00007ffa77000000 - 0x00007ffa770da000 	C:\WINDOWS\System32\COMDLG32.dll
0x00007ffa769b0000 - 0x00007ffa76a7d000 	C:\WINDOWS\System32\OLEAUT32.dll
0x00007ffa77960000 - 0x00007ffa77a8b000 	C:\WINDOWS\System32\ole32.dll
0x00007ffa76370000 - 0x00007ffa763d9000 	C:\WINDOWS\System32\WINTRUST.dll
0x00007ffa5e1b0000 - 0x00007ffa5e260000 	C:\WINDOWS\WinSxS\amd64_microsoft.windows.common-controls_6595b64144ccf1df_5.82.19041.4355_none_792ecafd2442822f\COMCTL32.dll
0x00007ffa6dc00000 - 0x00007ffa6dc1d000 	C:\WINDOWS\SYSTEM32\dhcpcsvc.DLL
0x00007ffa0d3b0000 - 0x00007ffa0e1a2600 	D:\Vivado\2020.2\lib\win64.o\libisl_iostreams.dll
0x00007ffa4f8a0000 - 0x00007ffa4f8c3000 	D:\Vivado\2020.2\lib\win64.o\libisl_iosutils.dll
0x00007ffa560b0000 - 0x00007ffa560c6000 	D:\Vivado\2020.2\lib\win64.o\libboost_iostreams.dll
0x00007ffa75250000 - 0x00007ffa752ba000 	C:\WINDOWS\SYSTEM32\MSWSOCK.DLL
0x00007ffa76510000 - 0x00007ffa7653f000 	C:\WINDOWS\System32\IMM32.DLL
0x00007ffa75680000 - 0x00007ffa75692000 	C:\WINDOWS\SYSTEM32\MSASN1.dll
0x00007ffa73a10000 - 0x00007ffa73a22000 	C:\WINDOWS\SYSTEM32\kernel.appcore.dll
0x00007ffa25590000 - 0x00007ffa25ab2000 	D:\Vivado\2020.2\lib\win64.o\librdi_commontasks.dll
0x00007ffa6eb60000 - 0x00007ffa6eb6a000 	C:\WINDOWS\SYSTEM32\VERSION.dll
0x00007ff9f2500000 - 0x00007ff9f3023000 	D:\Vivado\2020.2\tps\win64\jre11.0.2\bin\server\jvm.dll
0x00007ffa77680000 - 0x00007ffa77688000 	C:\WINDOWS\System32\PSAPI.DLL
0x00007ffa61f30000 - 0x00007ffa61f57000 	C:\WINDOWS\SYSTEM32\WINMM.dll
0x00007ffa252b0000 - 0x00007ffa25585000 	D:\Vivado\2020.2\lib\win64.o\librdi_sio.dll
0x00007ffa74f30000 - 0x00007ffa74f6b000 	C:\WINDOWS\SYSTEM32\IPHLPAPI.DLL
0x00007ffa73c10000 - 0x00007ffa743b4000 	C:\WINDOWS\SYSTEM32\windows.storage.dll
0x00007ffa754f0000 - 0x00007ffa7551e000 	C:\WINDOWS\SYSTEM32\Wldp.dll
0x00007ff9efa40000 - 0x00007ff9f24fe000 	D:\Vivado\2020.2\lib\win64.o\librdi_tcltasks.dll
0x00007ffa43000000 - 0x00007ffa4307e000 	D:\Vivado\2020.2\lib\win64.o\librdi_boarddep.dll
0x00007ffa267a0000 - 0x00007ffa26953000 	D:\Vivado\2020.2\lib\win64.o\librdi_board.dll
0x00007ffa2b8e0000 - 0x00007ffa2b9d6000 	D:\Vivado\2020.2\lib\win64.o\librdi_chipscope.dll
0x00007ffa26e80000 - 0x00007ffa26fe1000 	D:\Vivado\2020.2\lib\win64.o\librdi_containers.dll
0x00007ffa250c0000 - 0x00007ffa252aa000 	D:\Vivado\2020.2\lib\win64.o\librdi_chipscopeimpl.dll
0x00007ffa248c0000 - 0x00007ffa24d66000 	D:\Vivado\2020.2\lib\win64.o\librdi_bitstream.dll
0x00007ff9edc10000 - 0x00007ff9efa3c000 	D:\Vivado\2020.2\lib\win64.o\librdi_constraints.dll
0x00007ff9ebea0000 - 0x00007ff9edc01000 	D:\Vivado\2020.2\lib\win64.o\librdi_designutils.dll
0x00007ffa1bd20000 - 0x00007ffa1c438000 	D:\Vivado\2020.2\lib\win64.o\librdi_coregenipxact.dll
0x00007ff9e9ae0000 - 0x00007ff9ebe9d000 	D:\Vivado\2020.2\lib\win64.o\librdi_coregen.dll
0x00007ffa35b20000 - 0x00007ffa35bd3000 	D:\Vivado\2020.2\lib\win64.o\librdi_dsp.dll
0x00007ffa0cd50000 - 0x00007ffa0d3ad000 	D:\Vivado\2020.2\lib\win64.o\librdi_drc.dll
0x00007ffa23a10000 - 0x00007ffa23d78000 	D:\Vivado\2020.2\lib\win64.o\librdi_dlyest.dll
0x00007ffa1d2d0000 - 0x00007ffa1d5ed000 	D:\Vivado\2020.2\lib\win64.o\librdi_guitools.dll
0x00007ffa04120000 - 0x00007ffa047e2000 	D:\Vivado\2020.2\lib\win64.o\librdi_filemgmt.dll
0x00007ff9d1500000 - 0x00007ff9e9adf000 	D:\Vivado\2020.2\lib\win64.o\librdi_device.dll
0x00007ffa4a500000 - 0x00007ffa4a56b000 	D:\Vivado\2020.2\lib\win64.o\librdi_hdf.dll
0x00007ffa29680000 - 0x00007ffa297c7000 	D:\Vivado\2020.2\lib\win64.o\librdi_hip_perf_analysis.dll
0x00007ffa30570000 - 0x00007ffa305e2000 	D:\Vivado\2020.2\lib\win64.o\librdi_memoryarray.dll
0x00007ffa1b860000 - 0x00007ffa1bad7000 	D:\Vivado\2020.2\lib\win64.o\librdi_hip_devdesign.dll
0x00007ff9d0eb0000 - 0x00007ff9d14fc000 	D:\Vivado\2020.2\lib\win64.o\librdi_memdata.dll
0x00007ffa4f750000 - 0x00007ffa4f7a4000 	D:\Vivado\2020.2\lib\win64.o\librdi_pfi.dll
0x00007ff9cf2d0000 - 0x00007ff9d0ea4000 	D:\Vivado\2020.2\lib\win64.o\librdi_implflow.dll
0x00007ff9ceba0000 - 0x00007ff9cf2cc000 	D:\Vivado\2020.2\lib\win64.o\librdi_netlist.dll
0x00007ff9cdc40000 - 0x00007ff9ce457000 	D:\Vivado\2020.2\lib\win64.o\librdi_power.dll
0x00007ff9cd8a0000 - 0x00007ff9cdc3e000 	D:\Vivado\2020.2\lib\win64.o\librdi_platform.dll
0x00007ff9ca200000 - 0x00007ff9cd407000 	D:\Vivado\2020.2\lib\win64.o\librdi_place.dll
0x00007ff9c7db0000 - 0x00007ff9ca1f4000 	D:\Vivado\2020.2\lib\win64.o\librdi_mig.dll
0x00007ff9c7730000 - 0x00007ff9c7da4000 	D:\Vivado\2020.2\lib\win64.o\librdi_project.dll
0x00007ff9c7000000 - 0x00007ff9c7722000 	D:\Vivado\2020.2\lib\win64.o\librdi_psta.dll
0x00007ffa0c930000 - 0x00007ffa0ca39000 	D:\Vivado\2020.2\lib\win64.o\librdi_runsbase.dll
0x00007ff9c6ad0000 - 0x00007ff9c6ffb000 	D:\Vivado\2020.2\lib\win64.o\librdi_runs.dll
0x00007ffa06f90000 - 0x00007ffa070a6000 	D:\Vivado\2020.2\lib\win64.o\librdi_xhub.dll
0x00007ff9c62c0000 - 0x00007ff9c6acc000 	D:\Vivado\2020.2\lib\win64.o\librdi_rsb.dll
0x00007ff9cd620000 - 0x00007ff9cd894000 	D:\Vivado\2020.2\lib\win64.o\librdi_simdata.dll
0x00007ffa27680000 - 0x00007ffa27727000 	D:\Vivado\2020.2\lib\win64.o\librdi_xhubtasks.dll
0x00007ffa4e880000 - 0x00007ffa4e8c7000 	D:\Vivado\2020.2\lib\win64.o\libboost_serialization.dll
0x00007ffa246d0000 - 0x00007ffa248bb000 	D:\Vivado\2020.2\lib\win64.o\librdi_advchipscopeimpl.dll
0x00007ff9c5330000 - 0x00007ff9c62b1000 	D:\Vivado\2020.2\lib\win64.o\librdi_timing.dll
0x00007ffa2b870000 - 0x00007ffa2b8da000 	D:\Vivado\2020.2\lib\win64.o\librdi_noc_frameworks.dll
0x00007ffa0ca50000 - 0x00007ffa0cd4b000 	D:\Vivado\2020.2\lib\win64.o\librdi_hip_config.dll
0x00007ffa27b80000 - 0x00007ffa27c6b000 	D:\Vivado\2020.2\lib\win64.o\librdi_ipconfig_readwrite.dll
0x00007ffa4e7a0000 - 0x00007ffa4e7e6000 	D:\Vivado\2020.2\lib\win64.o\libboost_graph.dll
0x00007ffa29460000 - 0x00007ffa294ed000 	D:\Vivado\2020.2\lib\win64.o\treelite_runtime.dll
0x00007ffa052f0000 - 0x00007ffa0583e000 	D:\Vivado\2020.2\lib\win64.o\librdi_xdm.dll

dbghelp: loaded successfully - version: 4.0.5 - missing functions: none
symbol engine: initialized successfully - sym options: 0x614 - pdb path: .;D:\Vivado\2020.2\bin\unwrapped\win64.o;C:\WINDOWS\SYSTEM32;D:\Vivado\2020.2\lib\win64.o;C:\WINDOWS\WinSxS\amd64_microsoft.windows.common-controls_6595b64144ccf1df_5.82.19041.4355_none_792ecafd2442822f;D:\Vivado\2020.2\tps\win64\jre11.0.2\bin\server;D:\Vivado\2020.2\tps\win64\python-3.8.3;D:\Vivado\2020.2\tps\win64\jre11.0.2\bin;C:\WINDOWS\WinSxS\amd64_microsoft.windows.common-controls_6595b64144ccf1df_6.0.19041.4355_none_60b8b9eb71f62e16;C:\WINDOWS\WinSxS\amd64_microsoft.windows.gdiplus_6595b64144ccf1df_1.1.19041.4597_none_91a78020cc854124

VM Arguments:
jvm_args: -Dsun.java2d.pmoffscreen=false -Dhttps.protocols=TLSv1,TLSv1.1,TLSv1.2 -Dsun.java2d.xrender=false -Dsun.java2d.d3d=false -Dsun.awt.nopixfmt=true -Dsun.java2d.dpiaware=true -Dsun.java2d.uiScale.enabled=false -Xverify:none -Dswing.aatext=true -XX:-UsePerfData -Djdk.map.althashing.threshold=512 -XX:StringTableSize=4072 --add-opens=java.base/java.nio=ALL-UNNAMED --add-opens=java.desktop/sun.swing=ALL-UNNAMED --add-opens=java.desktop/javax.swing=ALL-UNNAMED --add-opens=java.desktop/javax.swing.tree=ALL-UNNAMED --add-opens=java.desktop/javax.swing.plaf.basic=ALL-UNNAMED --add-opens=java.desktop/javax.swing.plaf.synth=ALL-UNNAMED --add-opens=java.desktop/com.sun.awt=ALL-UNNAMED -XX:NewSize=60m -XX:MaxNewSize=60m -Xms128m -Xmx3072m -Xss5m 
java_command: <unknown>
java_class_path (initial): D:/Vivado/2020.2\lib\classes\alloy.jar;D:/Vivado/2020.2\lib\classes\ArchiveSummary.jar;D:/Vivado/2020.2\lib\classes\autoesl-models.jar;D:/Vivado/2020.2\lib\classes\autopilot.scelaborator.jar;D:/Vivado/2020.2\lib\classes\autopilot.sourceprocessor.jar;D:/Vivado/2020.2\lib\classes\autopilot.tbprocessor.jar;D:/Vivado/2020.2\lib\classes\batik-anim.jar;D:/Vivado/2020.2\lib\classes\batik-awt-util.jar;D:/Vivado/2020.2\lib\classes\batik-bridge.jar;D:/Vivado/2020.2\lib\classes\batik-codec.jar;D:/Vivado/2020.2\lib\classes\batik-css.jar;D:/Vivado/2020.2\lib\classes\batik-dom.jar;D:/Vivado/2020.2\lib\classes\batik-ext.jar;D:/Vivado/2020.2\lib\classes\batik-gui-util.jar;D:/Vivado/2020.2\lib\classes\batik-gvt.jar;D:/Vivado/2020.2\lib\classes\batik-parser.jar;D:/Vivado/2020.2\lib\classes\batik-script.jar;D:/Vivado/2020.2\lib\classes\batik-svg-dom.jar;D:/Vivado/2020.2\lib\classes\batik-swing.jar;D:/Vivado/2020.2\lib\classes\batik-transcoder.jar;D:/Vivado/2020.2\lib\classes\batik-util.jar;D:/Vivado/2020.2\lib\classes\batik-xml.jar;D:/Vivado/2020.2\lib\classes\com.google.gson_2.8.2.v20180104-1110.jar;D:/Vivado/2020.2\lib\classes\com.google.guava_27.1.0.v20190517-1946.jar;D:/Vivado/2020.2\lib\classes\com.ibm.icu_4.4.2.v20110208.jar;D:/Vivado/2020.2\lib\classes\com.sigasi.hdt.connection_4.9.0.202009050929.jar;D:/Vivado/2020.2\lib\classes\com.sigasi.hdt.epl_4.9.0.202009050929.jar;D:/Vivado/2020.2\lib\classes\com.sigasi.hdt.project_4.9.0.202009050929.jar;D:/Vivado/2020.2\lib\classes\com.sigasi.hdt.readonlyfilesystem_4.9.0.202009050929.jar;D:/Vivado/2020.2\lib\classes\com.sigasi.lcm_4.9.0.202009050929.jar;D:/Vivado/2020.2\lib\classes\com.sigasi.sdk.client_4.9.0.202009050929.jar;D:/Vivado/2020.2\lib\classes\com.xilinx.hls.services.jar;D:/Vivado/2020.2\lib\classes\commons-collections4-4.1.jar;D:/Vivado/2020.2\lib\classes\commons-io-2.6.jar;D:/Vivado/2020.2\lib\classes\commons-math-2.2.jar;D:/Vivado/2020.2\lib\classes\Dispatch.jar;D:/Vivado/2020.2\lib\classes\Disp
Launcher Type: generic

[Global flags]
     bool BytecodeVerificationLocal                = false                                     {product} {command line}
     bool BytecodeVerificationRemote               = false                                     {product} {command line}
     intx CICompilerCount                          = 3                                         {product} {ergonomic}
     uint ConcGCThreads                            = 1                                         {product} {ergonomic}
     uint G1ConcRefinementThreads                  = 4                                         {product} {ergonomic}
   size_t G1HeapRegionSize                         = 1048576                                   {product} {ergonomic}
    uintx GCDrainStackTargetSize                   = 64                                        {product} {ergonomic}
   size_t InitialHeapSize                          = 134217728                                 {product} {command line}
   size_t MarkStackSize                            = 4194304                                   {product} {ergonomic}
   size_t MaxHeapSize                              = 3221225472                                {product} {command line}
   size_t MaxNewSize                               = 62914560                                  {product} {command line}
   size_t MinHeapDeltaBytes                        = 1048576                                   {product} {ergonomic}
   size_t NewSize                                  = 62914560                                  {product} {command line}
    uintx NonNMethodCodeHeapSize                   = 5830092                                {pd product} {ergonomic}
    uintx NonProfiledCodeHeapSize                  = 122914074                              {pd product} {ergonomic}
    uintx ProfiledCodeHeapSize                     = 122914074                              {pd product} {ergonomic}
    uintx ReservedCodeCacheSize                    = 251658240                              {pd product} {ergonomic}
     bool SegmentedCodeCache                       = true                                      {product} {ergonomic}
    uintx StringTableSize                          = 4072                                      {product} {command line}
     intx ThreadStackSize                          = 5120                                   {pd product} {command line}
     bool UseCompressedClassPointers               = true                                 {lp64_product} {ergonomic}
     bool UseCompressedOops                        = true                                 {lp64_product} {ergonomic}
     bool UseG1GC                                  = true                                      {product} {ergonomic}
     bool UseLargePagesIndividualAllocation        = false                                  {pd product} {ergonomic}
     bool UsePerfData                              = false                                     {product} {command line}

Logging:
Log output configuration:
 #0: stdout all=warning uptime,level,tags
 #1: stderr all=off uptime,level,tags

Environment Variables:
PATH=D:/Vivado/2020.2\gnuwin\bin;D:/Vivado/2020.2\gnu\microblaze\nt\bin;D:/Vivado/2020.2/bin;D:/Vivado/2020.2/tps/win64/javafx-sdk-11.0.2/lib;D:/Vivado/2020.2/tps/win64/javafx-sdk-11.0.2/bin;D:/Vivado/2020.2/lib/win64.o;D:/Vivado/2020.2/tps/win64/jre11.0.2/bin/server;D:/Vivado/2020.2/tps/win64/jre11.0.2/bin;D:/Vitis/2020.2/bin;D:/Vivado/2020.2/ids_lite/ISE/bin/nt64;D:/Vivado/2020.2/ids_lite/ISE/lib/nt64;D:/Vitis_HLS/2020.2/bin;C:\Program Files\Common Files\Oracle\Java\javapath;C:\Program Files (x86)\VMware\VMware Player\bin\;C:\Program Files (x86)\Common Files\Oracle\Java\javapath;C:\WinAVR-20100110\bin;C:\WinAVR-20100110\utils\bin;C:\Program Files (x86)\Intel\Intel(R) Management Engine Components\iCLS\;C:\Program Files\Intel\Intel(R) Management Engine Components\iCLS\;C:\Windows\system32;C:\Windows;C:\Windows\System32\Wbem;C:\Windows\System32\WindowsPowerShell\v1.0\;C:\Windows\System32\OpenSSH\;C:\Program Files (x86)\Intel\Intel(R) Management Engine Components\DAL;C:\Program Files\Intel\Intel(R) Management Engine Components\DAL;C:\Program Files (x86)\Intel\Intel(R) Management Engine Components\IPT;C:\Program Files\Intel\Intel(R) Management Engine Components\IPT;C:\Program Files (x86)\NVIDIA Corporation\PhysX\Common;C:\Program Files\NVIDIA Corporation\NVIDIA NvDLISR;C:\Program Files (x86)\CodeBlocks\MinGW\bin;C:\mingw64;C:\mingw64\bin;C:\Program Files\Git\cmd;C:\Program Files\PuTTY\;D:\runtime\win64;D:\bin;D:\opencv\build\x64\vc16\bin;D:\BitviseSSH;C:\Users\Pera\AppData\Local\Microsoft\WindowsApps;D:/Vivado/2020.2\tps\mingw\6.2.0\win64.o\nt\bin;D:/Vivado/2020.2\tps\mingw\6.2.0\win64.o\nt\libexec\gcc\x86_64-w64-mingw32\6.2.0;D:/Vivado/2020.2\tps\win64\python-3.8.3;D:/Vivado/2020.2\tps\win64\python-3.8.3\bin;D:/Vivado/2020.2\tps\win64\python-3.8.3\lib;D:/Vivado/2020.2\tps\win64\python-3.8.3\lib\site-packages
USERNAME=Pera
OS=Windows_NT
PROCESSOR_IDENTIFIER=Intel64 Family 6 Model 142 Stepping 10, GenuineIntel



---------------  S Y S T E M  ---------------

OS: Windows 10 , 64 bit Build 19041 (10.0.19041.5072)

CPU:total 4 (initial active 4) (2 cores per cpu, 2 threads per core) family 6 model 142 stepping 10, cmov, cx8, fxsr, mmx, sse, sse2, sse3, ssse3, sse4.1, sse4.2, popcnt, avx, avx2, aes, clmul, erms, 3dnowpref, lzcnt, ht, tsc, tscinvbit, bmi1, bmi2, adx, fma

Memory: 4k page, system-wide physical 20355M (12896M free)
TotalPageFile size 23427M (AvailPageFile size 14876M)
current process WorkingSet (physical memory assigned to process): 1984M, peak: 2054M
current process commit charge ("private bytes"): 3127M, peak: 3135M

vm_info: OpenJDK 64-Bit Server VM (11.0.2+9) for windows-amd64 JRE (11.0.2+9), built on Jan 18 2019 05:23:22 by "mach5one" with MS VC++ 15.5 (VS2017)

END.
